<?xml version="1.0" encoding="UTF-8"?>
<!-- Generated by org.testng.reporters.JUnitReportReporter -->
<testsuite skipped="0" hostname="UPLC" name="autoFrameworkThird.emailLog_TC" tests="1" failures="0" timestamp="08 Jul 2019 11:59:50 GMT" time="87.168" errors="0">
  <testcase name="checklog" time="87.168" classname="autoFrameworkThird.emailLog_TC"/>
</testsuite> <!-- autoFrameworkThird.emailLog_TC -->
