<?xml version="1.0" encoding="UTF-8"?>
<!-- Generated by org.testng.reporters.JUnitReportReporter -->
<testsuite skipped="0" hostname="UPLC" name="autoFrameworkOne.emailSend_TC" tests="1" failures="0" timestamp="08 Jul 2019 19:08:49 GMT" time="49.598" errors="0">
  <testcase name="funcsend" time="49.598" classname="autoFrameworkOne.emailSend_TC"/>
</testsuite> <!-- autoFrameworkOne.emailSend_TC -->
