<?xml version="1.0" encoding="UTF-8"?>
<!-- Generated by org.testng.reporters.JUnitReportReporter -->
<testsuite skipped="0" hostname="UPLC" name="autoFrameworkSec.emailHigh_TC" tests="1" failures="0" timestamp="05 Jul 2019 06:48:58 GMT" time="50.773" errors="0">
  <testcase name="funchigh" time="50.773" classname="autoFrameworkSec.emailHigh_TC"/>
</testsuite> <!-- autoFrameworkSec.emailHigh_TC -->
