<?xml version="1.0" encoding="UTF-8"?>
<!-- Generated by org.testng.reporters.JUnitReportReporter -->
<testsuite skipped="0" hostname="UPLC" name="autoFrameworkOne.Emailcc_TC" tests="1" failures="0" timestamp="09 Jul 2019 05:32:52 GMT" time="86.519" errors="0">
  <testcase name="testeight" time="86.519" classname="autoFrameworkOne.Emailcc_TC"/>
</testsuite> <!-- autoFrameworkOne.Emailcc_TC -->
