<?xml version="1.0" encoding="UTF-8"?>
<!-- Generated by org.testng.reporters.JUnitReportReporter -->
<testsuite skipped="0" hostname="UPLC" name="autoFrameworkOne.emailMe" tests="1" failures="0" timestamp="11 Jul 2019 18:22:36 GMT" time="68.815" errors="0">
  <testcase name="send" time="68.815" classname="autoFrameworkOne.emailMe"/>
</testsuite> <!-- autoFrameworkOne.emailMe -->
