<?xml version="1.0" encoding="UTF-8"?>
<!-- Generated by org.testng.reporters.JUnitReportReporter -->
<testsuite skipped="0" hostname="UPLC" name="autoFrameworkSec.emailTo_TC" tests="1" failures="0" timestamp="05 Jul 2019 05:18:55 GMT" time="97.189" errors="0">
  <testcase name="testelven" time="97.189" classname="autoFrameworkSec.emailTo_TC"/>
</testsuite> <!-- autoFrameworkSec.emailTo_TC -->
