<?xml version="1.0" encoding="UTF-8"?>
<!-- Generated by org.testng.reporters.JUnitReportReporter -->
<testsuite skipped="0" hostname="UPLC" name="autoFrameworkThird.emailLogout_TC" tests="1" failures="0" timestamp="08 Jul 2019 12:21:06 GMT" time="70.630" errors="0">
  <testcase name="log" time="70.630" classname="autoFrameworkThird.emailLogout_TC"/>
</testsuite> <!-- autoFrameworkThird.emailLogout_TC -->
